<?xml version="1.0" encoding="UTF-8" ?>
<testsuite errors="0" failures="0" hostname="Laptop-Ninja" name="learningspring.web.HelloControllerTests" skipped="0" tests="1" time="2.197" timestamp="2015-11-07T21:02:52">
  <properties>
    <property name="java.vendor" value="Oracle Corporation" />
    <property name="appserver.lib" value="C:/Program Files/Apache Software Foundation/Tomcat 8.0/lib" />
    <property name="sun.java.launcher" value="SUN_STANDARD" />
    <property name="eclipse.pdebuild.templates" value="/C:/Program Files/Eclipse/plugins/org.eclipse.pde.build_3.9.100.v20150521-1524/templates/" />
    <property name="sun.management.compiler" value="HotSpot 64-Bit Tiered Compilers" />
    <property name="os.name" value="Windows 7" />
    <property name="sun.boot.class.path" value="C:\Program Files\Java\jre1.8.0_65\lib\resources.jar;C:\Program Files\Java\jre1.8.0_65\lib\rt.jar;C:\Program Files\Java\jre1.8.0_65\lib\sunrsasign.jar;C:\Program Files\Java\jre1.8.0_65\lib\jsse.jar;C:\Program Files\Java\jre1.8.0_65\lib\jce.jar;C:\Program Files\Java\jre1.8.0_65\lib\charsets.jar;C:\Program Files\Java\jre1.8.0_65\lib\jfr.jar;C:\Program Files\Java\jre1.8.0_65\classes" />
    <property name="sun.desktop" value="windows" />
    <property name="java.vm.specification.vendor" value="Oracle Corporation" />
    <property name="ant.home" value="C:\Program Files\Eclipse\plugins\org.apache.ant_1.9.4.v201504302020" />
    <property name="java.runtime.version" value="1.8.0_65-b17" />
    <property name="user.name" value="Nick" />
    <property name="tomcat.manager.url" value="http://localhost:8080/manager/text" />
    <property name="build.dir" value="war/WEB-INF/classes" />
    <property name="user.language" value="en" />
    <property name="sun.boot.library.path" value="C:\Program Files\Java\jre1.8.0_65\bin" />
    <property name="ant.project.default-target" value="usage" />
    <property name="ant.project.name" value="learning_spring" />
    <property name="java.version" value="1.8.0_65" />
    <property name="user.timezone" value="" />
    <property name="sun.arch.data.model" value="64" />
    <property name="java.endorsed.dirs" value="C:\Program Files\Java\jre1.8.0_65\lib\endorsed" />
    <property name="appserver.home" value="C:/Program Files/Apache Software Foundation/Tomcat 8.0" />
    <property name="sun.cpu.isalist" value="amd64" />
    <property name="sun.jnu.encoding" value="Cp1252" />
    <property name="file.encoding.pkg" value="sun.io" />
    <property name="file.separator" value="\" />
    <property name="java.specification.name" value="Java Platform API Specification" />
    <property name="java.class.version" value="52.0" />
    <property name="user.country" value="US" />
    <property name="java.home" value="C:\Program Files\Java\jre1.8.0_65" />
    <property name="java.vm.info" value="mixed mode" />
    <property name="ant.file" value="C:\Users\Nick\Dropbox\Github-wc\learning_spring\build.xml" />
    <property name="os.version" value="6.1" />
    <property name="ant.file.learning_spring" value="C:\Users\Nick\Dropbox\Github-wc\learning_spring\build.xml" />
    <property name="tomcat.manager.password" value="mypassword" />
    <property name="path.separator" value=";" />
    <property name="test.results.dir" value="test-results" />
    <property name="java.vm.version" value="25.65-b01" />
    <property name="user.variant" value="" />
    <property name="web.dir" value="war" />
    <property name="ant.library.dir" value="C:\Program Files\Eclipse\plugins\org.apache.ant_1.9.4.v201504302020\lib" />
    <property name="java.awt.printerjob" value="sun.awt.windows.WPrinterJob" />
    <property name="tomcat.manager.username" value="nick" />
    <property name="sun.io.unicode.encoding" value="UnicodeLittle" />
    <property name="awt.toolkit" value="sun.awt.windows.WToolkit" />
    <property name="user.script" value="" />
    <property name="eclipse.pdebuild.scripts" value="/C:/Program Files/Eclipse/plugins/org.eclipse.pde.build_3.9.100.v20150521-1524/scripts/" />
    <property name="user.home" value="C:\Users\Nick" />
    <property name="java.specification.vendor" value="Oracle Corporation" />
    <property name="test.dir" value="test" />
    <property name="java.library.path" value="C:\Program Files\Java\jre1.8.0_65\bin;C:\windows\Sun\Java\bin;C:\windows\system32;C:\windows;C:/Program Files/Java/jre1.8.0_66/bin/server;C:/Program Files/Java/jre1.8.0_66/bin;C:/Program Files/Java/jre1.8.0_66/lib/amd64;C:\ProgramData\Oracle\Java\javapath;C:\Program Files\Common Files\Microsoft Shared\Windows Live;C:\windows\system32;C:\windows;C:\windows\System32\Wbem;C:\windows\System32\WindowsPowerShell\v1.0\;C:\Program Files (x86)\Common Files\Roxio Shared\DLLShared\;C:\Program Files\WIDCOMM\Bluetooth Software\;C:\Program Files\WIDCOMM\Bluetooth Software\syswow64;C:\Program Files (x86)\ATI Technologies\ATI.ACE\Core-Static;C:\Program Files (x86)\Common Files\Roxio Shared\OEM\DLLShared\;C:\Program Files (x86)\Common Files\Roxio Shared\OEM\DLLShared\;C:\Program Files (x86)\Common Files\Roxio Shared\OEM\12.0\DLLShared\;C:\Program Files (x86)\Roxio\OEM\AudioCore\;C:\Program Files (x86)\Intel\Services\IPT\;C:\Program Files\Intel\WiFi\bin\;C:\Program Files\Common Files\Intel\WirelessCommon\;C:\Program Files (x86)\Hewlett-Packard\HP ProtectTools Security Manager\Bin\;C:\Program Files (x86)\Git\cmd;C:\Program Files (x86)\nodejs\;C:\Program Files (x86)\MySQL\MySQL Fabric 1.5 &amp; MySQL Utilities 1.5\;C:\Program Files (x86)\MySQL\MySQL Fabric 1.5 &amp; MySQL Utilities 1.5\Doctrine extensions for PHP\;C:\Ruby22-x64\bin;C:\Program Files\Intel\WiFi\bin\;C:\Program Files\Common Files\Intel\WirelessCommon\;C:\Users\Nick\AppData\Roaming\npm;C:\Program Files\Eclipse;;." />
    <property name="name" value="learning_spring" />
    <property name="java.vendor.url" value="http://java.oracle.com/" />
    <property name="java.vm.vendor" value="Oracle Corporation" />
    <property name="ant.file.type.learning_spring" value="file" />
    <property name="java.runtime.name" value="Java(TM) SE Runtime Environment" />
    <property name="sun.java.command" value="org.apache.tools.ant.taskdefs.optional.junit.JUnitTestRunner learningspring.web.HelloControllerTests skipNonTests=false filtertrace=true haltOnError=false haltOnFailure=false formatter=org.apache.tools.ant.taskdefs.optional.junit.SummaryJUnitResultFormatter showoutput=true outputtoformatters=true logfailedtests=true threadid=0 logtestlistenerevents=false formatter=org.apache.tools.ant.taskdefs.optional.junit.XMLJUnitResultFormatter,C:\Users\Nick\Dropbox\Github-wc\learning_spring\test-results\TEST-learningspring.web.HelloControllerTests.xml crashfile=C:\Users\Nick\Dropbox\Github-wc\learning_spring\junitvmwatcher7923483415098539998.properties propsfile=C:\Users\Nick\Dropbox\Github-wc\learning_spring\junit7298693069189113250.properties" />
    <property name="java.class.path" value="C:\Users\Nick\Dropbox\Github-wc\learning_spring\war\WEB-INF\lib\commons-codec-1.10.jar;C:\Users\Nick\Dropbox\Github-wc\learning_spring\war\WEB-INF\lib\commons-logging-1.2.jar;C:\Users\Nick\Dropbox\Github-wc\learning_spring\war\WEB-INF\lib\hamcrest-core-1.3.jar;C:\Users\Nick\Dropbox\Github-wc\learning_spring\war\WEB-INF\lib\jsp-api.jar;C:\Users\Nick\Dropbox\Github-wc\learning_spring\war\WEB-INF\lib\jstl-1.2.1.jar;C:\Users\Nick\Dropbox\Github-wc\learning_spring\war\WEB-INF\lib\jstl-api-1.2.1.jar;C:\Users\Nick\Dropbox\Github-wc\learning_spring\war\WEB-INF\lib\junit-4.2.jar;C:\Users\Nick\Dropbox\Github-wc\learning_spring\war\WEB-INF\lib\servlet-api.jar;C:\Users\Nick\Dropbox\Github-wc\learning_spring\war\WEB-INF\lib\spring-aop-4.2.2.RELEASE.jar;C:\Users\Nick\Dropbox\Github-wc\learning_spring\war\WEB-INF\lib\spring-aspects-4.2.2.RELEASE.jar;C:\Users\Nick\Dropbox\Github-wc\learning_spring\war\WEB-INF\lib\spring-beans-4.2.2.RELEASE.jar;C:\Users\Nick\Dropbox\Github-wc\learning_spring\war\WEB-INF\lib\spring-context-4.2.2.RELEASE.jar;C:\Users\Nick\Dropbox\Github-wc\learning_spring\war\WEB-INF\lib\spring-context-support-4.2.2.RELEASE.jar;C:\Users\Nick\Dropbox\Github-wc\learning_spring\war\WEB-INF\lib\spring-core-4.2.2.RELEASE.jar;C:\Users\Nick\Dropbox\Github-wc\learning_spring\war\WEB-INF\lib\spring-expression-4.2.2.RELEASE.jar;C:\Users\Nick\Dropbox\Github-wc\learning_spring\war\WEB-INF\lib\spring-instrument-4.2.2.RELEASE.jar;C:\Users\Nick\Dropbox\Github-wc\learning_spring\war\WEB-INF\lib\spring-instrument-tomcat-4.2.2.RELEASE.jar;C:\Users\Nick\Dropbox\Github-wc\learning_spring\war\WEB-INF\lib\spring-jdbc-4.2.2.RELEASE.jar;C:\Users\Nick\Dropbox\Github-wc\learning_spring\war\WEB-INF\lib\spring-jms-4.2.2.RELEASE.jar;C:\Users\Nick\Dropbox\Github-wc\learning_spring\war\WEB-INF\lib\spring-messaging-4.2.2.RELEASE.jar;C:\Users\Nick\Dropbox\Github-wc\learning_spring\war\WEB-INF\lib\spring-orm-4.2.2.RELEASE.jar;C:\Users\Nick\Dropbox\Github-wc\learning_spring\war\WEB-INF\lib\spring-oxm-4.2.2.RELEASE.jar;C:\Users\Nick\Dropbox\Github-wc\learning_spring\war\WEB-INF\lib\spring-test-4.2.2.RELEASE.jar;C:\Users\Nick\Dropbox\Github-wc\learning_spring\war\WEB-INF\lib\spring-tx-4.2.2.RELEASE.jar;C:\Users\Nick\Dropbox\Github-wc\learning_spring\war\WEB-INF\lib\spring-web-4.2.2.RELEASE.jar;C:\Users\Nick\Dropbox\Github-wc\learning_spring\war\WEB-INF\lib\spring-webmvc-4.2.2.RELEASE.jar;C:\Users\Nick\Dropbox\Github-wc\learning_spring\war\WEB-INF\lib\spring-webmvc-portlet-4.2.2.RELEASE.jar;C:\Users\Nick\Dropbox\Github-wc\learning_spring\war\WEB-INF\lib\spring-websocket-4.2.2.RELEASE.jar;C:\Program Files\Apache Software Foundation\Tomcat 8.0\lib\servlet-api.jar;C:\Users\Nick\Dropbox\Github-wc\learning_spring\war\WEB-INF\classes;C:\Program Files\Eclipse\plugins\org.apache.ant_1.9.4.v201504302020\lib\ant-launcher.jar;C:\Program Files\Eclipse\plugins\org.apache.ant_1.9.4.v201504302020\lib\ant.jar;C:\Program Files\Eclipse\plugins\org.apache.ant_1.9.4.v201504302020\lib\ant-junit.jar;C:\Program Files\Eclipse\plugins\org.apache.ant_1.9.4.v201504302020\lib\ant-junit4.jar" />
    <property name="ant.version" value="Apache Ant(TM) version 1.9.4 compiled on April 29 2014" />
    <property name="java.vm.specification.name" value="Java Virtual Machine Specification" />
    <property name="java.vm.specification.version" value="1.8" />
    <property name="sun.cpu.endian" value="little" />
    <property name="sun.os.patch.level" value="Service Pack 1" />
    <property name="eclipse.pdebuild.home" value="/C:/Program Files/Eclipse/plugins/org.eclipse.pde.build_3.9.100.v20150521-1524/./" />
    <property name="java.io.tmpdir" value="C:\Users\Nick\AppData\Local\Temp\" />
    <property name="deploy.path" value="C:/Program Files/Apache Software Foundation/Tomcat 8.0/webapps" />
    <property name="java.vendor.url.bug" value="http://bugreport.sun.com/bugreport/" />
    <property name="os.arch" value="amd64" />
    <property name="java.awt.graphicsenv" value="sun.awt.Win32GraphicsEnvironment" />
    <property name="java.ext.dirs" value="C:\Program Files\Java\jre1.8.0_65\lib\ext;C:\windows\Sun\Java\lib\ext" />
    <property name="user.dir" value="C:\Users\Nick\Dropbox\Github-wc\learning_spring" />
    <property name="line.separator" value="&#xd;&#xa;" />
    <property name="java.vm.name" value="Java HotSpot(TM) 64-Bit Server VM" />
    <property name="basedir" value="C:\Users\Nick\Dropbox\Github-wc\learning_spring" />
    <property name="ant.java.version" value="1.8" />
    <property name="ant.core.lib" value="C:\Program Files\Eclipse\plugins\org.apache.ant_1.9.4.v201504302020\lib\ant.jar" />
    <property name="file.encoding" value="Cp1252" />
    <property name="java.specification.version" value="1.8" />
    <property name="src.dir" value="src" />
    <property name="ant.project.invoked-targets" value="deploy,reload,tests" />
  </properties>
  <testcase classname="learningspring.web.HelloControllerTests" name="testHandleRequestView" time="0.413" />
  <system-out><![CDATA[]]></system-out>
  <system-err><![CDATA[Nov 07, 2015 3:02:53 PM learningspring.web.HelloController handleRequest
INFO: Returning hello view with Sat Nov 07 15:02:53 CST 2015
]]></system-err>
</testsuite>
